2024-07-02 16:07:171 INFO  HomePage :32 - Click on button[[ChromeDriver: chrome on windows (83088f115eeda4346bd70ffb39e84d2c)] -> xpath: //button[normalize-space()='Customer Login']]
2024-07-02 16:07:776 INFO  CustomerLoginPage :26 - search dropdown[[ChromeDriver: chrome on windows (83088f115eeda4346bd70ffb39e84d2c)] -> xpath: //select[@id='userSelect']]
2024-07-02 16:07:855 INFO  CustomerLoginPage :30 - Click on button[[ChromeDriver: chrome on windows (83088f115eeda4346bd70ffb39e84d2c)] -> xpath: //button[normalize-space()='Login']]
2024-07-02 16:07:375 INFO  CustomersPage :52 - Click on button[[ChromeDriver: chrome on windows (83088f115eeda4346bd70ffb39e84d2c)] -> xpath: //button[normalize-space()='Deposit']]
2024-07-02 16:07:907 INFO  CustomersPage :58 - Click on button[[ChromeDriver: chrome on windows (83088f115eeda4346bd70ffb39e84d2c)] -> xpath: //input[@placeholder='amount']]
2024-07-02 16:07:975 INFO  CustomersPage :64 - Click on button[[ChromeDriver: chrome on windows (83088f115eeda4346bd70ffb39e84d2c)] -> xpath: //button[@type='submit']]
2024-07-02 16:07:20 INFO  CustomersPage :69 - Click on button[[ChromeDriver: chrome on windows (83088f115eeda4346bd70ffb39e84d2c)] -> xpath: //span[@class='error ng-binding']]
2024-07-02 16:07:595 INFO  HomePage :32 - Click on button[[ChromeDriver: chrome on windows (3253d6705621e371652e31a87004912c)] -> xpath: //button[normalize-space()='Customer Login']]
2024-07-02 16:07:245 INFO  CustomerLoginPage :26 - search dropdown[[ChromeDriver: chrome on windows (3253d6705621e371652e31a87004912c)] -> xpath: //select[@id='userSelect']]
2024-07-02 16:07:329 INFO  CustomerLoginPage :30 - Click on button[[ChromeDriver: chrome on windows (3253d6705621e371652e31a87004912c)] -> xpath: //button[normalize-space()='Login']]
2024-07-02 16:07:876 INFO  CustomersPage :76 - Click on button[[ChromeDriver: chrome on windows (3253d6705621e371652e31a87004912c)] -> xpath: //button[normalize-space()='Withdrawl']]
2024-07-02 16:07:400 INFO  CustomersPage :80 - Click on button[[ChromeDriver: chrome on windows (3253d6705621e371652e31a87004912c)] -> xpath: //input[@placeholder='amount']]
2024-07-02 16:07:465 INFO  CustomersPage :84 - Click on button[[ChromeDriver: chrome on windows (3253d6705621e371652e31a87004912c)] -> xpath: //button[normalize-space()='Withdraw']]
2024-07-02 16:07:280 INFO  HomePage :26 - Click on button[[ChromeDriver: chrome on windows (364f4fb51acca758a78537a2b613fc36)] -> xpath: //button[normalize-space()='Bank Manager Login']]
2024-07-02 16:07:938 INFO  BankManagerLoginPage :25 - Click on button[[ChromeDriver: chrome on windows (364f4fb51acca758a78537a2b613fc36)] -> xpath: //button[normalize-space()='Add Customer']]
2024-07-02 16:07:770 INFO  AddCustomerPage :39 -  enter [[ChromeDriver: chrome on windows (364f4fb51acca758a78537a2b613fc36)] -> xpath: //input[@placeholder='First Name']]
2024-07-02 16:07:27 INFO  AddCustomerPage :43 -  enter [[ChromeDriver: chrome on windows (364f4fb51acca758a78537a2b613fc36)] -> xpath: //input[@placeholder='Last Name']]
2024-07-02 16:07:223 INFO  AddCustomerPage :47 -  enter [[ChromeDriver: chrome on windows (364f4fb51acca758a78537a2b613fc36)] -> xpath: //input[@placeholder='Post Code']]
2024-07-02 16:07:371 INFO  AddCustomerPage :51 - Click on button[[ChromeDriver: chrome on windows (364f4fb51acca758a78537a2b613fc36)] -> xpath: //button[@type='submit']]
2024-07-02 16:07:164 INFO  HomePage :32 - Click on button[[ChromeDriver: chrome on windows (e1c2c84b87b720364f141d917b301f5a)] -> xpath: //button[normalize-space()='Customer Login']]
2024-07-02 16:07:712 INFO  CustomerLoginPage :26 - search dropdown[[ChromeDriver: chrome on windows (e1c2c84b87b720364f141d917b301f5a)] -> xpath: //select[@id='userSelect']]
2024-07-02 16:07:784 INFO  CustomerLoginPage :30 - Click on button[[ChromeDriver: chrome on windows (e1c2c84b87b720364f141d917b301f5a)] -> xpath: //button[normalize-space()='Login']]
2024-07-02 16:07:305 INFO  CustomersPage :52 - Click on button[[ChromeDriver: chrome on windows (e1c2c84b87b720364f141d917b301f5a)] -> xpath: //button[normalize-space()='Deposit']]
2024-07-02 16:07:849 INFO  CustomersPage :58 - Click on button[[ChromeDriver: chrome on windows (e1c2c84b87b720364f141d917b301f5a)] -> xpath: //input[@placeholder='amount']]
2024-07-02 16:07:921 INFO  CustomersPage :64 - Click on button[[ChromeDriver: chrome on windows (e1c2c84b87b720364f141d917b301f5a)] -> xpath: //button[@type='submit']]
2024-07-02 16:07:955 INFO  CustomersPage :69 - Click on button[[ChromeDriver: chrome on windows (e1c2c84b87b720364f141d917b301f5a)] -> xpath: //span[@class='error ng-binding']]
2024-07-02 16:07:476 INFO  HomePage :32 - Click on button[[ChromeDriver: chrome on windows (47312aa23e20996aca17bd5768880097)] -> xpath: //button[normalize-space()='Customer Login']]
2024-07-02 16:07:404 INFO  CustomerLoginPage :26 - search dropdown[[ChromeDriver: chrome on windows (47312aa23e20996aca17bd5768880097)] -> xpath: //select[@id='userSelect']]
2024-07-02 16:07:494 INFO  CustomerLoginPage :30 - Click on button[[ChromeDriver: chrome on windows (47312aa23e20996aca17bd5768880097)] -> xpath: //button[normalize-space()='Login']]
2024-07-02 16:07:73 INFO  CustomersPage :76 - Click on button[[ChromeDriver: chrome on windows (47312aa23e20996aca17bd5768880097)] -> xpath: //button[normalize-space()='Withdrawl']]
2024-07-02 16:07:582 INFO  CustomersPage :80 - Click on button[[ChromeDriver: chrome on windows (47312aa23e20996aca17bd5768880097)] -> xpath: //input[@placeholder='amount']]
2024-07-02 16:07:672 INFO  CustomersPage :84 - Click on button[[ChromeDriver: chrome on windows (47312aa23e20996aca17bd5768880097)] -> xpath: //button[normalize-space()='Withdraw']]
2024-07-02 16:07:342 INFO  HomePage :32 - Click on button[[ChromeDriver: chrome on windows (99b6690ecfbcff7a9fc855ef36c72102)] -> xpath: //button[normalize-space()='Customer Login']]
2024-07-02 16:07:930 INFO  CustomerLoginPage :26 - search dropdown[[ChromeDriver: chrome on windows (99b6690ecfbcff7a9fc855ef36c72102)] -> xpath: //select[@id='userSelect']]
2024-07-02 16:07:37 INFO  CustomerLoginPage :30 - Click on button[[ChromeDriver: chrome on windows (99b6690ecfbcff7a9fc855ef36c72102)] -> xpath: //button[normalize-space()='Login']]
2024-07-02 16:07:484 INFO  CustomersPage :76 - Click on button[[ChromeDriver: chrome on windows (99b6690ecfbcff7a9fc855ef36c72102)] -> xpath: //button[normalize-space()='Withdrawl']]
2024-07-02 16:07:29 INFO  CustomersPage :80 - Click on button[[ChromeDriver: chrome on windows (99b6690ecfbcff7a9fc855ef36c72102)] -> xpath: //input[@placeholder='amount']]
2024-07-02 16:07:98 INFO  CustomersPage :84 - Click on button[[ChromeDriver: chrome on windows (99b6690ecfbcff7a9fc855ef36c72102)] -> xpath: //button[normalize-space()='Withdraw']]
2024-07-02 16:07:505 INFO  HomePage :32 - Click on button[[ChromeDriver: chrome on windows (ab51432f6ed55178646d5c2b8a30d70e)] -> xpath: //button[normalize-space()='Customer Login']]
2024-07-02 16:07:75 INFO  CustomerLoginPage :26 - search dropdown[[ChromeDriver: chrome on windows (ab51432f6ed55178646d5c2b8a30d70e)] -> xpath: //select[@id='userSelect']]
2024-07-02 16:07:160 INFO  CustomerLoginPage :30 - Click on button[[ChromeDriver: chrome on windows (ab51432f6ed55178646d5c2b8a30d70e)] -> xpath: //button[normalize-space()='Login']]
2024-07-02 16:07:698 INFO  CustomersPage :41 - Click on button[[ChromeDriver: chrome on windows (ab51432f6ed55178646d5c2b8a30d70e)] -> xpath: //button[normalize-space()='Logout']]
2024-07-02 16:07:737 INFO  CustomersPage :46 - verify text[[ChromeDriver: chrome on windows (ab51432f6ed55178646d5c2b8a30d70e)] -> xpath: //label[normalize-space()='Your Name :']]
2024-07-02 16:07:221 INFO  HomePage :32 - Click on button[[ChromeDriver: chrome on windows (13bea5503cc434960332000bd0387e71)] -> xpath: //button[normalize-space()='Customer Login']]
2024-07-02 16:07:793 INFO  CustomerLoginPage :26 - search dropdown[[ChromeDriver: chrome on windows (13bea5503cc434960332000bd0387e71)] -> xpath: //select[@id='userSelect']]
2024-07-02 16:07:887 INFO  CustomerLoginPage :30 - Click on button[[ChromeDriver: chrome on windows (13bea5503cc434960332000bd0387e71)] -> xpath: //button[normalize-space()='Login']]
2024-07-02 16:07:411 INFO  CustomersPage :75 - Click on button[[ChromeDriver: chrome on windows (13bea5503cc434960332000bd0387e71)] -> xpath: //button[normalize-space()='Withdrawl']]
2024-07-02 16:07:955 INFO  CustomersPage :79 - Click on button[[ChromeDriver: chrome on windows (13bea5503cc434960332000bd0387e71)] -> xpath: //input[@placeholder='amount']]
2024-07-02 16:07:25 INFO  CustomersPage :83 - Click on button[[ChromeDriver: chrome on windows (13bea5503cc434960332000bd0387e71)] -> xpath: //button[normalize-space()='Withdraw']]
2024-07-02 16:07:824 INFO  HomePage :26 - Click on button[[ChromeDriver: chrome on windows (3d1a522577beee71b0ce07bbc5210190)] -> xpath: //button[normalize-space()='Bank Manager Login']]
2024-07-02 16:07:306 INFO  BankManagerLoginPage :25 - Click on button[[ChromeDriver: chrome on windows (3d1a522577beee71b0ce07bbc5210190)] -> xpath: //button[normalize-space()='Add Customer']]
2024-07-02 16:07:874 INFO  AddCustomerPage :39 -  enter [[ChromeDriver: chrome on windows (3d1a522577beee71b0ce07bbc5210190)] -> xpath: //input[@placeholder='First Name']]
2024-07-02 16:07:970 INFO  AddCustomerPage :43 -  enter [[ChromeDriver: chrome on windows (3d1a522577beee71b0ce07bbc5210190)] -> xpath: //input[@placeholder='Last Name']]
2024-07-02 16:07:45 INFO  AddCustomerPage :47 -  enter [[ChromeDriver: chrome on windows (3d1a522577beee71b0ce07bbc5210190)] -> xpath: //input[@placeholder='Post Code']]
2024-07-02 16:07:124 INFO  AddCustomerPage :51 - Click on button[[ChromeDriver: chrome on windows (3d1a522577beee71b0ce07bbc5210190)] -> xpath: //button[@type='submit']]
2024-07-02 16:07:609 INFO  HomePage :26 - Click on button[[ChromeDriver: chrome on windows (a09349d9e10a885c1588ad100de34ff2)] -> xpath: //button[normalize-space()='Bank Manager Login']]
2024-07-02 16:07:137 INFO  BankManagerLoginPage :29 - Click on button[[ChromeDriver: chrome on windows (a09349d9e10a885c1588ad100de34ff2)] -> xpath: //button[normalize-space()='Open Account']]
2024-07-02 16:07:717 INFO  OpenAccountPage :28 - Click on button[[ChromeDriver: chrome on windows (a09349d9e10a885c1588ad100de34ff2)] -> xpath: //select[@id='userSelect']]
2024-07-02 16:07:835 INFO  OpenAccountPage :32 - select currency[[ChromeDriver: chrome on windows (a09349d9e10a885c1588ad100de34ff2)] -> id: currency]
2024-07-02 16:07:902 INFO  OpenAccountPage :36 - Click on button[[ChromeDriver: chrome on windows (a09349d9e10a885c1588ad100de34ff2)] -> xpath: //button[normalize-space()='Process']]
2024-07-02 16:07:645 INFO  HomePage :32 - Click on button[[ChromeDriver: chrome on windows (ba48974755b99e5aabd75a69cd356240)] -> xpath: //button[normalize-space()='Customer Login']]
2024-07-02 16:07:200 INFO  CustomerLoginPage :26 - search dropdown[[ChromeDriver: chrome on windows (ba48974755b99e5aabd75a69cd356240)] -> xpath: //select[@id='userSelect']]
2024-07-02 16:07:284 INFO  CustomerLoginPage :30 - Click on button[[ChromeDriver: chrome on windows (ba48974755b99e5aabd75a69cd356240)] -> xpath: //button[normalize-space()='Login']]
2024-07-02 16:07:837 INFO  HomePage :26 - Click on button[[ChromeDriver: chrome on windows (100289f6710de3fd689178f707c946a1)] -> xpath: //button[normalize-space()='Bank Manager Login']]
2024-07-02 16:07:350 INFO  BankManagerLoginPage :25 - Click on button[[ChromeDriver: chrome on windows (100289f6710de3fd689178f707c946a1)] -> xpath: //button[normalize-space()='Add Customer']]
2024-07-02 16:07:897 INFO  AddCustomerPage :39 -  enter [[ChromeDriver: chrome on windows (100289f6710de3fd689178f707c946a1)] -> xpath: //input[@placeholder='First Name']]
2024-07-02 16:07:02 INFO  AddCustomerPage :43 -  enter [[ChromeDriver: chrome on windows (100289f6710de3fd689178f707c946a1)] -> xpath: //input[@placeholder='Last Name']]
2024-07-02 16:07:108 INFO  AddCustomerPage :47 -  enter [[ChromeDriver: chrome on windows (100289f6710de3fd689178f707c946a1)] -> xpath: //input[@placeholder='Post Code']]
2024-07-02 16:07:212 INFO  AddCustomerPage :51 - Click on button[[ChromeDriver: chrome on windows (100289f6710de3fd689178f707c946a1)] -> xpath: //button[@type='submit']]
2024-07-02 16:07:855 INFO  HomePage :32 - Click on button[[ChromeDriver: chrome on windows (7fda7340a007126b40a698949db3308b)] -> xpath: //button[normalize-space()='Customer Login']]
2024-07-02 16:07:529 INFO  CustomerLoginPage :26 - search dropdown[[ChromeDriver: chrome on windows (7fda7340a007126b40a698949db3308b)] -> xpath: //select[@id='userSelect']]
2024-07-02 16:07:647 INFO  CustomerLoginPage :30 - Click on button[[ChromeDriver: chrome on windows (7fda7340a007126b40a698949db3308b)] -> xpath: //button[normalize-space()='Login']]
2024-07-02 16:07:774 INFO  HomePage :32 - Click on button[[ChromeDriver: chrome on windows (561dc7cfc7795bb1fef0b8aa2c99cbcd)] -> xpath: //button[normalize-space()='Customer Login']]
2024-07-02 16:07:355 INFO  CustomerLoginPage :26 - search dropdown[[ChromeDriver: chrome on windows (561dc7cfc7795bb1fef0b8aa2c99cbcd)] -> xpath: //select[@id='userSelect']]
2024-07-02 16:07:468 INFO  CustomerLoginPage :30 - Click on button[[ChromeDriver: chrome on windows (561dc7cfc7795bb1fef0b8aa2c99cbcd)] -> xpath: //button[normalize-space()='Login']]
2024-07-02 16:07:553 INFO  HomePage :26 - Click on button[[ChromeDriver: chrome on windows (3acc3d76388ca6f1d03957f59a9d4630)] -> xpath: //button[normalize-space()='Bank Manager Login']]
2024-07-02 16:07:61 INFO  BankManagerLoginPage :25 - Click on button[[ChromeDriver: chrome on windows (3acc3d76388ca6f1d03957f59a9d4630)] -> xpath: //button[normalize-space()='Add Customer']]
2024-07-02 16:07:604 INFO  AddCustomerPage :39 -  enter [[ChromeDriver: chrome on windows (3acc3d76388ca6f1d03957f59a9d4630)] -> xpath: //input[@placeholder='First Name']]
2024-07-02 16:07:706 INFO  AddCustomerPage :43 -  enter [[ChromeDriver: chrome on windows (3acc3d76388ca6f1d03957f59a9d4630)] -> xpath: //input[@placeholder='Last Name']]
2024-07-02 16:07:803 INFO  AddCustomerPage :47 -  enter [[ChromeDriver: chrome on windows (3acc3d76388ca6f1d03957f59a9d4630)] -> xpath: //input[@placeholder='Post Code']]
2024-07-02 16:07:873 INFO  AddCustomerPage :51 - Click on button[[ChromeDriver: chrome on windows (3acc3d76388ca6f1d03957f59a9d4630)] -> xpath: //button[@type='submit']]
2024-07-02 16:07:684 INFO  HomePage :32 - Click on button[[ChromeDriver: chrome on windows (3f799a62d84cfcd6f77607f859358298)] -> xpath: //button[normalize-space()='Customer Login']]
2024-07-02 16:07:296 INFO  CustomerLoginPage :26 - search dropdown[[ChromeDriver: chrome on windows (3f799a62d84cfcd6f77607f859358298)] -> xpath: //select[@id='userSelect']]
2024-07-02 16:07:441 INFO  CustomerLoginPage :30 - Click on button[[ChromeDriver: chrome on windows (3f799a62d84cfcd6f77607f859358298)] -> xpath: //button[normalize-space()='Login']]
2024-07-02 16:07:539 INFO  HomePage :32 - Click on button[[ChromeDriver: chrome on windows (eed5dcd82b589ccd81196376a16516f3)] -> xpath: //button[normalize-space()='Customer Login']]
2024-07-02 16:07:102 INFO  CustomerLoginPage :26 - search dropdown[[ChromeDriver: chrome on windows (eed5dcd82b589ccd81196376a16516f3)] -> xpath: //select[@id='userSelect']]
2024-07-02 16:07:196 INFO  CustomerLoginPage :30 - Click on button[[ChromeDriver: chrome on windows (eed5dcd82b589ccd81196376a16516f3)] -> xpath: //button[normalize-space()='Login']]
2024-07-02 16:07:732 INFO  HomePage :32 - Click on button[[ChromeDriver: chrome on windows (0b347abfff7a6f37a7b0a6e85540084c)] -> xpath: //button[normalize-space()='Customer Login']]
2024-07-02 16:07:289 INFO  CustomerLoginPage :26 - search dropdown[[ChromeDriver: chrome on windows (0b347abfff7a6f37a7b0a6e85540084c)] -> xpath: //select[@id='userSelect']]
2024-07-02 16:07:384 INFO  CustomerLoginPage :30 - Click on button[[ChromeDriver: chrome on windows (0b347abfff7a6f37a7b0a6e85540084c)] -> xpath: //button[normalize-space()='Login']]
2024-07-02 16:07:531 INFO  HomePage :26 - Click on button[[ChromeDriver: chrome on windows (8dedb6b23c8572a80235158b414d495b)] -> xpath: //button[normalize-space()='Bank Manager Login']]
2024-07-02 16:07:83 INFO  BankManagerLoginPage :25 - Click on button[[ChromeDriver: chrome on windows (8dedb6b23c8572a80235158b414d495b)] -> xpath: //button[normalize-space()='Add Customer']]
2024-07-02 16:07:678 INFO  AddCustomerPage :39 -  enter [[ChromeDriver: chrome on windows (8dedb6b23c8572a80235158b414d495b)] -> xpath: //input[@placeholder='First Name']]
2024-07-02 16:07:773 INFO  AddCustomerPage :43 -  enter [[ChromeDriver: chrome on windows (8dedb6b23c8572a80235158b414d495b)] -> xpath: //input[@placeholder='Last Name']]
2024-07-02 16:07:926 INFO  AddCustomerPage :47 -  enter [[ChromeDriver: chrome on windows (8dedb6b23c8572a80235158b414d495b)] -> xpath: //input[@placeholder='Post Code']]
2024-07-02 16:07:07 INFO  AddCustomerPage :51 - Click on button[[ChromeDriver: chrome on windows (8dedb6b23c8572a80235158b414d495b)] -> xpath: //button[@type='submit']]
2024-07-02 16:07:579 INFO  HomePage :32 - Click on button[[ChromeDriver: chrome on windows (b3ba1bb925c77bb711ef9d7510804ef3)] -> xpath: //button[normalize-space()='Customer Login']]
2024-07-02 16:07:204 INFO  CustomerLoginPage :26 - search dropdown[[ChromeDriver: chrome on windows (b3ba1bb925c77bb711ef9d7510804ef3)] -> xpath: //select[@id='userSelect']]
2024-07-02 16:07:287 INFO  CustomerLoginPage :30 - Click on button[[ChromeDriver: chrome on windows (b3ba1bb925c77bb711ef9d7510804ef3)] -> xpath: //button[normalize-space()='Login']]
2024-07-02 16:07:966 INFO  HomePage :32 - Click on button[[ChromeDriver: chrome on windows (f23f2b9800b705c108fe78784402d33c)] -> xpath: //button[normalize-space()='Customer Login']]
2024-07-02 16:07:530 INFO  CustomerLoginPage :26 - search dropdown[[ChromeDriver: chrome on windows (f23f2b9800b705c108fe78784402d33c)] -> xpath: //select[@id='userSelect']]
2024-07-02 16:07:601 INFO  CustomerLoginPage :30 - Click on button[[ChromeDriver: chrome on windows (f23f2b9800b705c108fe78784402d33c)] -> xpath: //button[normalize-space()='Login']]
2024-07-02 16:07:65 INFO  HomePage :26 - Click on button[[ChromeDriver: chrome on windows (149e98f0ba0c68e5a4db0980b32d9eb0)] -> xpath: //button[normalize-space()='Bank Manager Login']]
2024-07-02 16:07:568 INFO  BankManagerLoginPage :25 - Click on button[[ChromeDriver: chrome on windows (149e98f0ba0c68e5a4db0980b32d9eb0)] -> xpath: //button[normalize-space()='Add Customer']]
2024-07-02 16:07:148 INFO  AddCustomerPage :39 -  enter [[ChromeDriver: chrome on windows (149e98f0ba0c68e5a4db0980b32d9eb0)] -> xpath: //input[@placeholder='First Name']]
2024-07-02 16:07:244 INFO  AddCustomerPage :43 -  enter [[ChromeDriver: chrome on windows (149e98f0ba0c68e5a4db0980b32d9eb0)] -> xpath: //input[@placeholder='Last Name']]
2024-07-02 16:07:327 INFO  AddCustomerPage :47 -  enter [[ChromeDriver: chrome on windows (149e98f0ba0c68e5a4db0980b32d9eb0)] -> xpath: //input[@placeholder='Post Code']]
2024-07-02 16:07:430 INFO  AddCustomerPage :51 - Click on button[[ChromeDriver: chrome on windows (149e98f0ba0c68e5a4db0980b32d9eb0)] -> xpath: //button[@type='submit']]
2024-07-02 16:07:944 INFO  HomePage :32 - Click on button[[ChromeDriver: chrome on windows (8d305b4224a94ef15d65eefed5126ec1)] -> xpath: //button[normalize-space()='Customer Login']]
2024-07-02 16:07:475 INFO  CustomerLoginPage :26 - search dropdown[[ChromeDriver: chrome on windows (8d305b4224a94ef15d65eefed5126ec1)] -> xpath: //select[@id='userSelect']]
2024-07-02 16:07:553 INFO  CustomerLoginPage :30 - Click on button[[ChromeDriver: chrome on windows (8d305b4224a94ef15d65eefed5126ec1)] -> xpath: //button[normalize-space()='Login']]
2024-07-02 16:07:208 INFO  HomePage :32 - Click on button[[ChromeDriver: chrome on windows (a92dc14b660ca7999ddd7fb30b71b79c)] -> xpath: //button[normalize-space()='Customer Login']]
2024-07-02 16:07:817 INFO  CustomerLoginPage :26 - search dropdown[[ChromeDriver: chrome on windows (a92dc14b660ca7999ddd7fb30b71b79c)] -> xpath: //select[@id='userSelect']]
2024-07-02 16:07:932 INFO  CustomerLoginPage :30 - Click on button[[ChromeDriver: chrome on windows (a92dc14b660ca7999ddd7fb30b71b79c)] -> xpath: //button[normalize-space()='Login']]
2024-07-02 16:07:765 INFO  HomePage :26 - Click on button[[ChromeDriver: chrome on windows (260a3d9c332cd57533fc89b7f0b946a6)] -> xpath: //button[normalize-space()='Bank Manager Login']]
2024-07-02 16:07:296 INFO  BankManagerLoginPage :25 - Click on button[[ChromeDriver: chrome on windows (260a3d9c332cd57533fc89b7f0b946a6)] -> xpath: //button[normalize-space()='Add Customer']]
2024-07-02 16:07:841 INFO  AddCustomerPage :39 -  enter [[ChromeDriver: chrome on windows (260a3d9c332cd57533fc89b7f0b946a6)] -> xpath: //input[@placeholder='First Name']]
2024-07-02 16:07:927 INFO  AddCustomerPage :43 -  enter [[ChromeDriver: chrome on windows (260a3d9c332cd57533fc89b7f0b946a6)] -> xpath: //input[@placeholder='Last Name']]
2024-07-02 16:07:13 INFO  AddCustomerPage :47 -  enter [[ChromeDriver: chrome on windows (260a3d9c332cd57533fc89b7f0b946a6)] -> xpath: //input[@placeholder='Post Code']]
2024-07-02 16:07:102 INFO  AddCustomerPage :51 - Click on button[[ChromeDriver: chrome on windows (260a3d9c332cd57533fc89b7f0b946a6)] -> xpath: //button[@type='submit']]
2024-07-02 16:07:708 INFO  HomePage :32 - Click on button[[ChromeDriver: chrome on windows (4bf96100cd3ef227cd58ea078d8468e1)] -> xpath: //button[normalize-space()='Customer Login']]
2024-07-02 16:07:298 INFO  CustomerLoginPage :26 - search dropdown[[ChromeDriver: chrome on windows (4bf96100cd3ef227cd58ea078d8468e1)] -> xpath: //select[@id='userSelect']]
2024-07-02 16:07:408 INFO  CustomerLoginPage :30 - Click on button[[ChromeDriver: chrome on windows (4bf96100cd3ef227cd58ea078d8468e1)] -> xpath: //button[normalize-space()='Login']]
2024-07-02 16:07:324 INFO  HomePage :32 - Click on button[[ChromeDriver: chrome on windows (d3fe7100b11852d69c53df1db9cb9673)] -> xpath: //button[normalize-space()='Customer Login']]
2024-07-02 16:07:908 INFO  CustomerLoginPage :26 - search dropdown[[ChromeDriver: chrome on windows (d3fe7100b11852d69c53df1db9cb9673)] -> xpath: //select[@id='userSelect']]
2024-07-02 16:07:993 INFO  CustomerLoginPage :30 - Click on button[[ChromeDriver: chrome on windows (d3fe7100b11852d69c53df1db9cb9673)] -> xpath: //button[normalize-space()='Login']]
2024-07-02 16:07:31 INFO  HomePage :26 - Click on button[[ChromeDriver: chrome on windows (30224a4083ace81e255c034ecafc65d3)] -> xpath: //button[normalize-space()='Bank Manager Login']]
2024-07-02 16:07:527 INFO  BankManagerLoginPage :25 - Click on button[[ChromeDriver: chrome on windows (30224a4083ace81e255c034ecafc65d3)] -> xpath: //button[normalize-space()='Add Customer']]
2024-07-02 16:07:122 INFO  AddCustomerPage :39 -  enter [[ChromeDriver: chrome on windows (30224a4083ace81e255c034ecafc65d3)] -> xpath: //input[@placeholder='First Name']]
2024-07-02 16:07:226 INFO  AddCustomerPage :43 -  enter [[ChromeDriver: chrome on windows (30224a4083ace81e255c034ecafc65d3)] -> xpath: //input[@placeholder='Last Name']]
2024-07-02 16:07:360 INFO  AddCustomerPage :47 -  enter [[ChromeDriver: chrome on windows (30224a4083ace81e255c034ecafc65d3)] -> xpath: //input[@placeholder='Post Code']]
2024-07-02 16:07:470 INFO  AddCustomerPage :51 - Click on button[[ChromeDriver: chrome on windows (30224a4083ace81e255c034ecafc65d3)] -> xpath: //button[@type='submit']]
2024-07-02 16:07:520 INFO  HomePage :32 - Click on button[[ChromeDriver: chrome on windows (1e7fb096958c04545c84a8a20dbf4828)] -> xpath: //button[normalize-space()='Customer Login']]
2024-07-02 16:07:157 INFO  CustomerLoginPage :26 - search dropdown[[ChromeDriver: chrome on windows (1e7fb096958c04545c84a8a20dbf4828)] -> xpath: //select[@id='userSelect']]
2024-07-02 16:07:250 INFO  CustomerLoginPage :30 - Click on button[[ChromeDriver: chrome on windows (1e7fb096958c04545c84a8a20dbf4828)] -> xpath: //button[normalize-space()='Login']]
2024-07-02 16:07:110 INFO  HomePage :32 - Click on button[[ChromeDriver: chrome on windows (2afedd7b9e8807bd31afcb58b33b063f)] -> xpath: //button[normalize-space()='Customer Login']]
2024-07-02 16:07:664 INFO  CustomerLoginPage :26 - search dropdown[[ChromeDriver: chrome on windows (2afedd7b9e8807bd31afcb58b33b063f)] -> xpath: //select[@id='userSelect']]
2024-07-02 16:07:740 INFO  CustomerLoginPage :30 - Click on button[[ChromeDriver: chrome on windows (2afedd7b9e8807bd31afcb58b33b063f)] -> xpath: //button[normalize-space()='Login']]
2024-07-02 16:07:580 INFO  HomePage :26 - Click on button[[ChromeDriver: chrome on windows (13497280aab1d8730d4a0b956d89cce5)] -> xpath: //button[normalize-space()='Bank Manager Login']]
2024-07-02 16:07:116 INFO  BankManagerLoginPage :25 - Click on button[[ChromeDriver: chrome on windows (13497280aab1d8730d4a0b956d89cce5)] -> xpath: //button[normalize-space()='Add Customer']]
2024-07-02 16:07:703 INFO  AddCustomerPage :39 -  enter [[ChromeDriver: chrome on windows (13497280aab1d8730d4a0b956d89cce5)] -> xpath: //input[@placeholder='First Name']]
2024-07-02 16:07:827 INFO  AddCustomerPage :43 -  enter [[ChromeDriver: chrome on windows (13497280aab1d8730d4a0b956d89cce5)] -> xpath: //input[@placeholder='Last Name']]
2024-07-02 16:07:930 INFO  AddCustomerPage :47 -  enter [[ChromeDriver: chrome on windows (13497280aab1d8730d4a0b956d89cce5)] -> xpath: //input[@placeholder='Post Code']]
2024-07-02 16:07:20 INFO  AddCustomerPage :51 - Click on button[[ChromeDriver: chrome on windows (13497280aab1d8730d4a0b956d89cce5)] -> xpath: //button[@type='submit']]
2024-07-02 16:07:554 INFO  HomePage :32 - Click on button[[ChromeDriver: chrome on windows (ccd4be3947dd64570cc6a6ce088e6e57)] -> xpath: //button[normalize-space()='Customer Login']]
2024-07-02 16:07:159 INFO  CustomerLoginPage :26 - search dropdown[[ChromeDriver: chrome on windows (ccd4be3947dd64570cc6a6ce088e6e57)] -> xpath: //select[@id='userSelect']]
2024-07-02 16:07:257 INFO  CustomerLoginPage :30 - Click on button[[ChromeDriver: chrome on windows (ccd4be3947dd64570cc6a6ce088e6e57)] -> xpath: //button[normalize-space()='Login']]
2024-07-02 16:07:636 INFO  HomePage :32 - Click on button[[ChromeDriver: chrome on windows (769fae3383256c1e0c9d36825a34759a)] -> xpath: //button[normalize-space()='Customer Login']]
2024-07-02 16:07:269 INFO  CustomerLoginPage :26 - search dropdown[[ChromeDriver: chrome on windows (769fae3383256c1e0c9d36825a34759a)] -> xpath: //select[@id='userSelect']]
2024-07-02 16:07:397 INFO  CustomerLoginPage :30 - Click on button[[ChromeDriver: chrome on windows (769fae3383256c1e0c9d36825a34759a)] -> xpath: //button[normalize-space()='Login']]
2024-07-02 16:07:124 INFO  HomePage :32 - Click on button[[ChromeDriver: chrome on windows (18896985223c1e046bd96a2442fd2d62)] -> xpath: //button[normalize-space()='Customer Login']]
2024-07-02 16:07:676 INFO  CustomerLoginPage :26 - search dropdown[[ChromeDriver: chrome on windows (18896985223c1e046bd96a2442fd2d62)] -> xpath: //select[@id='userSelect']]
2024-07-02 16:07:758 INFO  CustomerLoginPage :30 - Click on button[[ChromeDriver: chrome on windows (18896985223c1e046bd96a2442fd2d62)] -> xpath: //button[normalize-space()='Login']]
2024-07-02 16:07:757 INFO  HomePage :26 - Click on button[[ChromeDriver: chrome on windows (c0b8f6c78d668e55908463ac614b5642)] -> xpath: //button[normalize-space()='Bank Manager Login']]
2024-07-02 16:07:232 INFO  BankManagerLoginPage :25 - Click on button[[ChromeDriver: chrome on windows (c0b8f6c78d668e55908463ac614b5642)] -> xpath: //button[normalize-space()='Add Customer']]
2024-07-02 16:07:766 INFO  AddCustomerPage :39 -  enter [[ChromeDriver: chrome on windows (c0b8f6c78d668e55908463ac614b5642)] -> xpath: //input[@placeholder='First Name']]
2024-07-02 16:07:857 INFO  AddCustomerPage :43 -  enter [[ChromeDriver: chrome on windows (c0b8f6c78d668e55908463ac614b5642)] -> xpath: //input[@placeholder='Last Name']]
2024-07-02 16:07:941 INFO  AddCustomerPage :47 -  enter [[ChromeDriver: chrome on windows (c0b8f6c78d668e55908463ac614b5642)] -> xpath: //input[@placeholder='Post Code']]
2024-07-02 16:07:07 INFO  AddCustomerPage :51 - Click on button[[ChromeDriver: chrome on windows (c0b8f6c78d668e55908463ac614b5642)] -> xpath: //button[@type='submit']]
2024-07-02 16:07:843 INFO  HomePage :32 - Click on button[[ChromeDriver: chrome on windows (6efb49de3be025eeb1b5a177a5c07fc1)] -> xpath: //button[normalize-space()='Customer Login']]
2024-07-02 16:07:403 INFO  CustomerLoginPage :26 - search dropdown[[ChromeDriver: chrome on windows (6efb49de3be025eeb1b5a177a5c07fc1)] -> xpath: //select[@id='userSelect']]
2024-07-02 16:07:503 INFO  CustomerLoginPage :30 - Click on button[[ChromeDriver: chrome on windows (6efb49de3be025eeb1b5a177a5c07fc1)] -> xpath: //button[normalize-space()='Login']]
2024-07-02 16:07:238 INFO  HomePage :32 - Click on button[[ChromeDriver: chrome on windows (8b9fff8bf79d08d195e994276c3c9ff7)] -> xpath: //button[normalize-space()='Customer Login']]
2024-07-02 16:07:901 INFO  CustomerLoginPage :26 - search dropdown[[ChromeDriver: chrome on windows (8b9fff8bf79d08d195e994276c3c9ff7)] -> xpath: //select[@id='userSelect']]
2024-07-02 16:07:59 INFO  CustomerLoginPage :30 - Click on button[[ChromeDriver: chrome on windows (8b9fff8bf79d08d195e994276c3c9ff7)] -> xpath: //button[normalize-space()='Login']]
2024-07-02 17:07:608 INFO  HomePage :26 - Click on button[[ChromeDriver: chrome on windows (0a620ba2c1f921edcc595588bd7c7ff2)] -> xpath: //button[normalize-space()='Bank Manager Login']]
2024-07-02 17:07:221 INFO  BankManagerLoginPage :25 - Click on button[[ChromeDriver: chrome on windows (0a620ba2c1f921edcc595588bd7c7ff2)] -> xpath: //button[normalize-space()='Add Customer']]
2024-07-02 17:07:850 INFO  AddCustomerPage :39 -  enter [[ChromeDriver: chrome on windows (0a620ba2c1f921edcc595588bd7c7ff2)] -> xpath: //input[@placeholder='First Name']]
2024-07-02 17:07:946 INFO  AddCustomerPage :43 -  enter [[ChromeDriver: chrome on windows (0a620ba2c1f921edcc595588bd7c7ff2)] -> xpath: //input[@placeholder='Last Name']]
2024-07-02 17:07:47 INFO  AddCustomerPage :47 -  enter [[ChromeDriver: chrome on windows (0a620ba2c1f921edcc595588bd7c7ff2)] -> xpath: //input[@placeholder='Post Code']]
2024-07-02 17:07:119 INFO  AddCustomerPage :51 - Click on button[[ChromeDriver: chrome on windows (0a620ba2c1f921edcc595588bd7c7ff2)] -> xpath: //button[@type='submit']]
2024-07-02 17:07:57 INFO  HomePage :32 - Click on button[[ChromeDriver: chrome on windows (3bae37213ef01df8fb7aead40b79d3f5)] -> xpath: //button[normalize-space()='Customer Login']]
2024-07-02 17:07:597 INFO  CustomerLoginPage :26 - search dropdown[[ChromeDriver: chrome on windows (3bae37213ef01df8fb7aead40b79d3f5)] -> xpath: //select[@id='userSelect']]
2024-07-02 17:07:676 INFO  CustomerLoginPage :30 - Click on button[[ChromeDriver: chrome on windows (3bae37213ef01df8fb7aead40b79d3f5)] -> xpath: //button[normalize-space()='Login']]
2024-07-02 17:07:104 INFO  HomePage :32 - Click on button[[ChromeDriver: chrome on windows (636ca3a1d72ab207cd467823f57b5686)] -> xpath: //button[normalize-space()='Customer Login']]
2024-07-02 17:07:789 INFO  CustomerLoginPage :26 - search dropdown[[ChromeDriver: chrome on windows (636ca3a1d72ab207cd467823f57b5686)] -> xpath: //select[@id='userSelect']]
2024-07-02 17:07:864 INFO  CustomerLoginPage :30 - Click on button[[ChromeDriver: chrome on windows (636ca3a1d72ab207cd467823f57b5686)] -> xpath: //button[normalize-space()='Login']]
2024-07-02 17:07:989 INFO  HomePage :26 - Click on button[[ChromeDriver: chrome on windows (7a16ea6a539919c74df4fad672f8eafb)] -> xpath: //button[normalize-space()='Bank Manager Login']]
2024-07-02 17:07:522 INFO  BankManagerLoginPage :25 - Click on button[[ChromeDriver: chrome on windows (7a16ea6a539919c74df4fad672f8eafb)] -> xpath: //button[normalize-space()='Add Customer']]
2024-07-02 17:07:91 INFO  AddCustomerPage :39 -  enter [[ChromeDriver: chrome on windows (7a16ea6a539919c74df4fad672f8eafb)] -> xpath: //input[@placeholder='First Name']]
2024-07-02 17:07:177 INFO  AddCustomerPage :43 -  enter [[ChromeDriver: chrome on windows (7a16ea6a539919c74df4fad672f8eafb)] -> xpath: //input[@placeholder='Last Name']]
2024-07-02 17:07:288 INFO  AddCustomerPage :47 -  enter [[ChromeDriver: chrome on windows (7a16ea6a539919c74df4fad672f8eafb)] -> xpath: //input[@placeholder='Post Code']]
2024-07-02 17:07:383 INFO  AddCustomerPage :51 - Click on button[[ChromeDriver: chrome on windows (7a16ea6a539919c74df4fad672f8eafb)] -> xpath: //button[@type='submit']]
2024-07-02 17:07:189 INFO  HomePage :32 - Click on button[[ChromeDriver: chrome on windows (1c09617ee2706fef75f5cf9c611044ab)] -> xpath: //button[normalize-space()='Customer Login']]
2024-07-02 17:07:735 INFO  CustomerLoginPage :26 - search dropdown[[ChromeDriver: chrome on windows (1c09617ee2706fef75f5cf9c611044ab)] -> xpath: //select[@id='userSelect']]
2024-07-02 17:07:811 INFO  CustomerLoginPage :30 - Click on button[[ChromeDriver: chrome on windows (1c09617ee2706fef75f5cf9c611044ab)] -> xpath: //button[normalize-space()='Login']]
2024-07-02 17:07:383 INFO  AccountPage :49 - Click on button[[ChromeDriver: chrome on windows (1c09617ee2706fef75f5cf9c611044ab)] -> xpath: //button[normalize-space()='Deposit']]
2024-07-02 17:07:919 INFO  AccountPage :55 - Click on button[[ChromeDriver: chrome on windows (1c09617ee2706fef75f5cf9c611044ab)] -> xpath: //input[@placeholder='amount']]
2024-07-02 17:07:986 INFO  AccountPage :61 - Click on button[[ChromeDriver: chrome on windows (1c09617ee2706fef75f5cf9c611044ab)] -> xpath: //button[@type='submit']]
2024-07-02 17:07:01 INFO  AccountPage :66 - verify msg.[[ChromeDriver: chrome on windows (1c09617ee2706fef75f5cf9c611044ab)] -> xpath: //span[@class='error ng-binding']]
2024-07-02 17:07:939 INFO  HomePage :32 - Click on button[[ChromeDriver: chrome on windows (927a26fa5667dc43c7532be637844fdd)] -> xpath: //button[normalize-space()='Customer Login']]
2024-07-02 17:07:631 INFO  CustomerLoginPage :26 - search dropdown[[ChromeDriver: chrome on windows (927a26fa5667dc43c7532be637844fdd)] -> xpath: //select[@id='userSelect']]
2024-07-02 17:07:687 INFO  CustomerLoginPage :30 - Click on button[[ChromeDriver: chrome on windows (927a26fa5667dc43c7532be637844fdd)] -> xpath: //button[normalize-space()='Login']]
2024-07-02 17:07:248 INFO  AccountPage :73 - Click on button[[ChromeDriver: chrome on windows (927a26fa5667dc43c7532be637844fdd)] -> xpath: //button[normalize-space()='Withdrawl']]
2024-07-02 17:07:764 INFO  AccountPage :77 - Click on button[[ChromeDriver: chrome on windows (927a26fa5667dc43c7532be637844fdd)] -> xpath: //input[@placeholder='amount']]
2024-07-02 17:07:831 INFO  AccountPage :81 - Click on button[[ChromeDriver: chrome on windows (927a26fa5667dc43c7532be637844fdd)] -> xpath: //button[normalize-space()='Withdraw']]
2024-07-02 17:07:215 INFO  HomePage :26 - Click on button[[ChromeDriver: chrome on windows (f1cf9b6bf3cbed877d47c6cc70d9f14f)] -> xpath: //button[normalize-space()='Bank Manager Login']]
2024-07-02 17:07:92 INFO  BankManagerLoginPage :25 - Click on button[[ChromeDriver: chrome on windows (f1cf9b6bf3cbed877d47c6cc70d9f14f)] -> xpath: //button[normalize-space()='Add Customer']]
2024-07-02 17:07:207 INFO  AddCustomerPage :39 -  enter [[ChromeDriver: chrome on windows (f1cf9b6bf3cbed877d47c6cc70d9f14f)] -> xpath: //input[@placeholder='First Name']]
2024-07-02 17:07:272 INFO  AddCustomerPage :43 -  enter [[ChromeDriver: chrome on windows (f1cf9b6bf3cbed877d47c6cc70d9f14f)] -> xpath: //input[@placeholder='Last Name']]
2024-07-02 17:07:338 INFO  AddCustomerPage :47 -  enter [[ChromeDriver: chrome on windows (f1cf9b6bf3cbed877d47c6cc70d9f14f)] -> xpath: //input[@placeholder='Post Code']]
2024-07-02 17:07:423 INFO  AddCustomerPage :51 - Click on button[[ChromeDriver: chrome on windows (f1cf9b6bf3cbed877d47c6cc70d9f14f)] -> xpath: //button[@type='submit']]
2024-07-02 17:07:611 INFO  HomePage :32 - Click on button[[ChromeDriver: chrome on windows (87f23dbc527de23845939123483ea13e)] -> xpath: //button[normalize-space()='Customer Login']]
2024-07-02 17:07:279 INFO  CustomerLoginPage :26 - search dropdown[[ChromeDriver: chrome on windows (87f23dbc527de23845939123483ea13e)] -> xpath: //select[@id='userSelect']]
2024-07-02 17:07:393 INFO  CustomerLoginPage :30 - Click on button[[ChromeDriver: chrome on windows (87f23dbc527de23845939123483ea13e)] -> xpath: //button[normalize-space()='Login']]
2024-07-02 17:07:811 INFO  AccountPage :49 - Click on button[[ChromeDriver: chrome on windows (87f23dbc527de23845939123483ea13e)] -> xpath: //button[normalize-space()='Deposit']]
2024-07-02 17:07:419 INFO  AccountPage :55 - Click on button[[ChromeDriver: chrome on windows (87f23dbc527de23845939123483ea13e)] -> xpath: //input[@placeholder='amount']]
2024-07-02 17:07:493 INFO  AccountPage :61 - Click on button[[ChromeDriver: chrome on windows (87f23dbc527de23845939123483ea13e)] -> xpath: //button[@type='submit']]
2024-07-02 17:07:527 INFO  AccountPage :66 - verify msg.[[ChromeDriver: chrome on windows (87f23dbc527de23845939123483ea13e)] -> xpath: //span[@class='error ng-binding']]
2024-07-02 17:07:959 INFO  HomePage :32 - Click on button[[ChromeDriver: chrome on windows (2156b679e9052f22979e3b655f106442)] -> xpath: //button[normalize-space()='Customer Login']]
2024-07-02 17:07:541 INFO  CustomerLoginPage :26 - search dropdown[[ChromeDriver: chrome on windows (2156b679e9052f22979e3b655f106442)] -> xpath: //select[@id='userSelect']]
2024-07-02 17:07:616 INFO  CustomerLoginPage :30 - Click on button[[ChromeDriver: chrome on windows (2156b679e9052f22979e3b655f106442)] -> xpath: //button[normalize-space()='Login']]
2024-07-02 17:07:202 INFO  AccountPage :73 - Click on button[[ChromeDriver: chrome on windows (2156b679e9052f22979e3b655f106442)] -> xpath: //button[normalize-space()='Withdrawl']]
2024-07-02 17:07:78 INFO  AccountPage :77 - Click on button[[ChromeDriver: chrome on windows (2156b679e9052f22979e3b655f106442)] -> xpath: //input[@placeholder='amount']]
2024-07-02 17:07:129 INFO  AccountPage :81 - Click on button[[ChromeDriver: chrome on windows (2156b679e9052f22979e3b655f106442)] -> xpath: //button[normalize-space()='Withdraw']]
2024-07-02 17:07:278 INFO  HomePage :26 - Click on button[[ChromeDriver: chrome on windows (73a38df7bcea8d2908343ac4a9bfd613)] -> xpath: //button[normalize-space()='Bank Manager Login']]
2024-07-02 17:07:785 INFO  BankManagerLoginPage :25 - Click on button[[ChromeDriver: chrome on windows (73a38df7bcea8d2908343ac4a9bfd613)] -> xpath: //button[normalize-space()='Add Customer']]
2024-07-02 17:07:435 INFO  AddCustomerPage :39 -  enter [[ChromeDriver: chrome on windows (73a38df7bcea8d2908343ac4a9bfd613)] -> xpath: //input[@placeholder='First Name']]
2024-07-02 17:07:601 INFO  AddCustomerPage :43 -  enter [[ChromeDriver: chrome on windows (73a38df7bcea8d2908343ac4a9bfd613)] -> xpath: //input[@placeholder='Last Name']]
2024-07-02 17:07:684 INFO  AddCustomerPage :47 -  enter [[ChromeDriver: chrome on windows (73a38df7bcea8d2908343ac4a9bfd613)] -> xpath: //input[@placeholder='Post Code']]
2024-07-02 17:07:774 INFO  AddCustomerPage :51 - Click on button[[ChromeDriver: chrome on windows (73a38df7bcea8d2908343ac4a9bfd613)] -> xpath: //button[@type='submit']]
2024-07-02 17:07:64 INFO  HomePage :26 - Click on button[[ChromeDriver: chrome on windows (d0eda3b95cf9f338119d68ba7b71cbe8)] -> xpath: //button[normalize-space()='Bank Manager Login']]
2024-07-02 17:07:580 INFO  BankManagerLoginPage :29 - Click on button[[ChromeDriver: chrome on windows (d0eda3b95cf9f338119d68ba7b71cbe8)] -> xpath: //button[normalize-space()='Open Account']]
2024-07-02 17:07:282 INFO  OpenAccountPage :28 - Click on button[[ChromeDriver: chrome on windows (d0eda3b95cf9f338119d68ba7b71cbe8)] -> xpath: //select[@id='userSelect']]
2024-07-02 17:07:415 INFO  OpenAccountPage :32 - select currency[[ChromeDriver: chrome on windows (d0eda3b95cf9f338119d68ba7b71cbe8)] -> id: currency]
2024-07-02 17:07:483 INFO  OpenAccountPage :36 - Click on button[[ChromeDriver: chrome on windows (d0eda3b95cf9f338119d68ba7b71cbe8)] -> xpath: //button[normalize-space()='Process']]
2024-07-02 17:07:973 INFO  HomePage :26 - Click on button[[ChromeDriver: chrome on windows (f8b445152e3ab659eef9ae3afe901c41)] -> xpath: //button[normalize-space()='Bank Manager Login']]
2024-07-02 17:07:460 INFO  BankManagerLoginPage :29 - Click on button[[ChromeDriver: chrome on windows (f8b445152e3ab659eef9ae3afe901c41)] -> xpath: //button[normalize-space()='Open Account']]
2024-07-02 17:07:25 INFO  OpenAccountPage :28 - Click on button[[ChromeDriver: chrome on windows (f8b445152e3ab659eef9ae3afe901c41)] -> xpath: //select[@id='userSelect']]
2024-07-02 17:07:144 INFO  OpenAccountPage :32 - select currency[[ChromeDriver: chrome on windows (f8b445152e3ab659eef9ae3afe901c41)] -> id: currency]
2024-07-02 17:07:247 INFO  OpenAccountPage :36 - Click on button[[ChromeDriver: chrome on windows (f8b445152e3ab659eef9ae3afe901c41)] -> xpath: //button[normalize-space()='Process']]
2024-07-02 17:07:503 INFO  HomePage :32 - Click on button[[ChromeDriver: chrome on windows (8cd8373b6fad05259e1029125ed939e2)] -> xpath: //button[normalize-space()='Customer Login']]
2024-07-02 17:07:109 INFO  CustomerLoginPage :26 - search dropdown[[ChromeDriver: chrome on windows (8cd8373b6fad05259e1029125ed939e2)] -> xpath: //select[@id='userSelect']]
2024-07-02 17:07:163 INFO  CustomerLoginPage :30 - Click on button[[ChromeDriver: chrome on windows (8cd8373b6fad05259e1029125ed939e2)] -> xpath: //button[normalize-space()='Login']]
2024-07-02 17:07:485 INFO  CustomersPage :41 - Click on button[[ChromeDriver: chrome on windows (8cd8373b6fad05259e1029125ed939e2)] -> xpath: //button[normalize-space()='Logout']]
2024-07-02 17:07:503 INFO  CustomersPage :46 - verify text[[ChromeDriver: chrome on windows (8cd8373b6fad05259e1029125ed939e2)] -> xpath: //label[normalize-space()='Your Name :']]
2024-07-02 17:07:450 INFO  HomePage :26 - Click on button[[ChromeDriver: chrome on windows (eda39bcf6d412ecb756dc97696ee6015)] -> xpath: //button[normalize-space()='Bank Manager Login']]
2024-07-02 17:07:948 INFO  BankManagerLoginPage :25 - Click on button[[ChromeDriver: chrome on windows (eda39bcf6d412ecb756dc97696ee6015)] -> xpath: //button[normalize-space()='Add Customer']]
2024-07-02 17:07:501 INFO  AddCustomerPage :39 -  enter [[ChromeDriver: chrome on windows (eda39bcf6d412ecb756dc97696ee6015)] -> xpath: //input[@placeholder='First Name']]
2024-07-02 17:07:606 INFO  AddCustomerPage :43 -  enter [[ChromeDriver: chrome on windows (eda39bcf6d412ecb756dc97696ee6015)] -> xpath: //input[@placeholder='Last Name']]
2024-07-02 17:07:705 INFO  AddCustomerPage :47 -  enter [[ChromeDriver: chrome on windows (eda39bcf6d412ecb756dc97696ee6015)] -> xpath: //input[@placeholder='Post Code']]
2024-07-02 17:07:791 INFO  AddCustomerPage :51 - Click on button[[ChromeDriver: chrome on windows (eda39bcf6d412ecb756dc97696ee6015)] -> xpath: //button[@type='submit']]
2024-07-02 17:07:596 INFO  HomePage :32 - Click on button[[ChromeDriver: chrome on windows (5a3930c83595cb5a5801100da8b6223c)] -> xpath: //button[normalize-space()='Customer Login']]
2024-07-02 17:07:150 INFO  CustomerLoginPage :26 - search dropdown[[ChromeDriver: chrome on windows (5a3930c83595cb5a5801100da8b6223c)] -> xpath: //select[@id='userSelect']]
2024-07-02 17:07:230 INFO  CustomerLoginPage :30 - Click on button[[ChromeDriver: chrome on windows (5a3930c83595cb5a5801100da8b6223c)] -> xpath: //button[normalize-space()='Login']]
2024-07-02 17:07:740 INFO  AccountPage :49 - Click on button[[ChromeDriver: chrome on windows (5a3930c83595cb5a5801100da8b6223c)] -> xpath: //button[normalize-space()='Deposit']]
2024-07-02 17:07:254 INFO  AccountPage :55 - Click on button[[ChromeDriver: chrome on windows (5a3930c83595cb5a5801100da8b6223c)] -> xpath: //input[@placeholder='amount']]
2024-07-02 17:07:306 INFO  AccountPage :61 - Click on button[[ChromeDriver: chrome on windows (5a3930c83595cb5a5801100da8b6223c)] -> xpath: //button[@type='submit']]
2024-07-02 17:07:324 INFO  AccountPage :66 - verify msg.[[ChromeDriver: chrome on windows (5a3930c83595cb5a5801100da8b6223c)] -> xpath: //span[@class='error ng-binding']]
2024-07-02 17:07:206 INFO  HomePage :32 - Click on button[[ChromeDriver: chrome on windows (07e8b6be718204e65080a5b6b76e0f10)] -> xpath: //button[normalize-space()='Customer Login']]
2024-07-02 17:07:757 INFO  CustomerLoginPage :26 - search dropdown[[ChromeDriver: chrome on windows (07e8b6be718204e65080a5b6b76e0f10)] -> xpath: //select[@id='userSelect']]
2024-07-02 17:07:822 INFO  CustomerLoginPage :30 - Click on button[[ChromeDriver: chrome on windows (07e8b6be718204e65080a5b6b76e0f10)] -> xpath: //button[normalize-space()='Login']]
2024-07-02 17:07:336 INFO  AccountPage :73 - Click on button[[ChromeDriver: chrome on windows (07e8b6be718204e65080a5b6b76e0f10)] -> xpath: //button[normalize-space()='Withdrawl']]
2024-07-02 17:07:873 INFO  AccountPage :77 - Click on button[[ChromeDriver: chrome on windows (07e8b6be718204e65080a5b6b76e0f10)] -> xpath: //input[@placeholder='amount']]
2024-07-02 17:07:946 INFO  AccountPage :81 - Click on button[[ChromeDriver: chrome on windows (07e8b6be718204e65080a5b6b76e0f10)] -> xpath: //button[normalize-space()='Withdraw']]
2024-07-02 17:07:06 INFO  AccountPage :85 - verify msg.Proxy element for: DefaultElementLocator 'By.xpath: //span[@class='error ng-binding']'
2024-07-02 18:07:310 INFO  HomePage :26 - Click on button[[ChromeDriver: chrome on windows (60f9627209b7fd4f3524a3a3e2c6f74f)] -> xpath: //button[normalize-space()='Bank Manager Login']]
2024-07-02 18:07:906 INFO  BankManagerLoginPage :25 - Click on button[[ChromeDriver: chrome on windows (60f9627209b7fd4f3524a3a3e2c6f74f)] -> xpath: //button[normalize-space()='Add Customer']]
2024-07-02 18:07:529 INFO  AddCustomerPage :39 -  enter [[ChromeDriver: chrome on windows (60f9627209b7fd4f3524a3a3e2c6f74f)] -> xpath: //input[@placeholder='First Name']]
2024-07-02 18:07:748 INFO  AddCustomerPage :43 -  enter [[ChromeDriver: chrome on windows (60f9627209b7fd4f3524a3a3e2c6f74f)] -> xpath: //input[@placeholder='Last Name']]
2024-07-02 18:07:61 INFO  AddCustomerPage :47 -  enter [[ChromeDriver: chrome on windows (60f9627209b7fd4f3524a3a3e2c6f74f)] -> xpath: //input[@placeholder='Post Code']]
2024-07-02 18:07:308 INFO  AddCustomerPage :51 - Click on button[[ChromeDriver: chrome on windows (60f9627209b7fd4f3524a3a3e2c6f74f)] -> xpath: //button[@type='submit']]
2024-07-02 18:07:90 INFO  HomePage :32 - Click on button[[ChromeDriver: chrome on windows (2adc732e9461f0c5cdf9184caedb92d3)] -> xpath: //button[normalize-space()='Customer Login']]
2024-07-02 18:07:788 INFO  CustomerLoginPage :26 - search dropdown[[ChromeDriver: chrome on windows (2adc732e9461f0c5cdf9184caedb92d3)] -> xpath: //select[@id='userSelect']]
2024-07-02 18:07:504 INFO  CustomerLoginPage :30 - Click on button[[ChromeDriver: chrome on windows (2adc732e9461f0c5cdf9184caedb92d3)] -> xpath: //button[normalize-space()='Login']]
2024-07-02 18:07:551 INFO  AccountPage :49 - Click on button[[ChromeDriver: chrome on windows (2adc732e9461f0c5cdf9184caedb92d3)] -> xpath: //button[normalize-space()='Deposit']]
2024-07-02 18:07:395 INFO  AccountPage :55 - Click on button[[ChromeDriver: chrome on windows (2adc732e9461f0c5cdf9184caedb92d3)] -> xpath: //input[@placeholder='amount']]
2024-07-02 18:07:614 INFO  AccountPage :61 - Click on button[[ChromeDriver: chrome on windows (2adc732e9461f0c5cdf9184caedb92d3)] -> xpath: //button[@type='submit']]
2024-07-02 18:07:682 INFO  AccountPage :66 - verify msg.[[ChromeDriver: chrome on windows (2adc732e9461f0c5cdf9184caedb92d3)] -> xpath: //span[@class='error ng-binding']]
2024-07-02 18:07:916 INFO  HomePage :32 - Click on button[[ChromeDriver: chrome on windows (f07eff9b328cbd21d3c26d797d9670e1)] -> xpath: //button[normalize-space()='Customer Login']]
2024-07-02 18:07:452 INFO  CustomerLoginPage :26 - search dropdown[[ChromeDriver: chrome on windows (f07eff9b328cbd21d3c26d797d9670e1)] -> xpath: //select[@id='userSelect']]
2024-07-02 18:07:560 INFO  CustomerLoginPage :30 - Click on button[[ChromeDriver: chrome on windows (f07eff9b328cbd21d3c26d797d9670e1)] -> xpath: //button[normalize-space()='Login']]
2024-07-02 18:07:103 INFO  AccountPage :73 - Click on button[[ChromeDriver: chrome on windows (f07eff9b328cbd21d3c26d797d9670e1)] -> xpath: //button[normalize-space()='Withdrawl']]
2024-07-02 18:07:827 INFO  AccountPage :77 - Click on button[[ChromeDriver: chrome on windows (f07eff9b328cbd21d3c26d797d9670e1)] -> xpath: //input[@placeholder='amount']]
2024-07-02 18:07:00 INFO  AccountPage :81 - Click on button[[ChromeDriver: chrome on windows (f07eff9b328cbd21d3c26d797d9670e1)] -> xpath: //button[normalize-space()='Withdraw']]
2024-07-02 18:07:47 INFO  AccountPage :85 - verify msg.Proxy element for: DefaultElementLocator 'By.xpath: //span[@class='error ng-binding']'
2024-07-02 18:07:733 INFO  HomePage :26 - Click on button[[ChromeDriver: chrome on windows (102c2248cc88bc3c6e24df5f54fcda9b)] -> xpath: //button[normalize-space()='Bank Manager Login']]
2024-07-02 18:07:457 INFO  BankManagerLoginPage :25 - Click on button[[ChromeDriver: chrome on windows (102c2248cc88bc3c6e24df5f54fcda9b)] -> xpath: //button[normalize-space()='Add Customer']]
2024-07-02 18:07:984 INFO  AddCustomerPage :39 -  enter [[ChromeDriver: chrome on windows (102c2248cc88bc3c6e24df5f54fcda9b)] -> xpath: //input[@placeholder='First Name']]
2024-07-02 18:07:237 INFO  AddCustomerPage :43 -  enter [[ChromeDriver: chrome on windows (102c2248cc88bc3c6e24df5f54fcda9b)] -> xpath: //input[@placeholder='Last Name']]
2024-07-02 18:07:455 INFO  AddCustomerPage :47 -  enter [[ChromeDriver: chrome on windows (102c2248cc88bc3c6e24df5f54fcda9b)] -> xpath: //input[@placeholder='Post Code']]
2024-07-02 18:07:688 INFO  AddCustomerPage :51 - Click on button[[ChromeDriver: chrome on windows (102c2248cc88bc3c6e24df5f54fcda9b)] -> xpath: //button[@type='submit']]
2024-07-02 18:07:387 INFO  HomePage :32 - Click on button[[ChromeDriver: chrome on windows (a584cb71858b087dd687fd1ab9af8a74)] -> xpath: //button[normalize-space()='Customer Login']]
2024-07-02 18:07:839 INFO  CustomerLoginPage :26 - search dropdown[[ChromeDriver: chrome on windows (a584cb71858b087dd687fd1ab9af8a74)] -> xpath: //select[@id='userSelect']]
2024-07-02 18:07:12 INFO  CustomerLoginPage :30 - Click on button[[ChromeDriver: chrome on windows (a584cb71858b087dd687fd1ab9af8a74)] -> xpath: //button[normalize-space()='Login']]
2024-07-02 18:07:660 INFO  AccountPage :49 - Click on button[[ChromeDriver: chrome on windows (a584cb71858b087dd687fd1ab9af8a74)] -> xpath: //button[normalize-space()='Deposit']]
2024-07-02 18:07:511 INFO  AccountPage :55 - Click on button[[ChromeDriver: chrome on windows (a584cb71858b087dd687fd1ab9af8a74)] -> xpath: //input[@placeholder='amount']]
2024-07-02 18:07:812 INFO  AccountPage :61 - Click on button[[ChromeDriver: chrome on windows (a584cb71858b087dd687fd1ab9af8a74)] -> xpath: //button[@type='submit']]
2024-07-02 18:07:893 INFO  AccountPage :66 - verify msg.[[ChromeDriver: chrome on windows (a584cb71858b087dd687fd1ab9af8a74)] -> xpath: //span[@class='error ng-binding']]
2024-07-02 18:07:143 INFO  HomePage :32 - Click on button[[ChromeDriver: chrome on windows (066111defdc9dafe6977a22a8b72c6cf)] -> xpath: //button[normalize-space()='Customer Login']]
2024-07-02 18:07:784 INFO  CustomerLoginPage :26 - search dropdown[[ChromeDriver: chrome on windows (066111defdc9dafe6977a22a8b72c6cf)] -> xpath: //select[@id='userSelect']]
2024-07-02 18:07:83 INFO  CustomerLoginPage :30 - Click on button[[ChromeDriver: chrome on windows (066111defdc9dafe6977a22a8b72c6cf)] -> xpath: //button[normalize-space()='Login']]
2024-07-02 18:07:678 INFO  AccountPage :73 - Click on button[[ChromeDriver: chrome on windows (066111defdc9dafe6977a22a8b72c6cf)] -> xpath: //button[normalize-space()='Withdrawl']]
2024-07-02 18:07:286 INFO  AccountPage :77 - Click on button[[ChromeDriver: chrome on windows (066111defdc9dafe6977a22a8b72c6cf)] -> xpath: //input[@placeholder='amount']]
2024-07-02 18:07:384 INFO  AccountPage :81 - Click on button[[ChromeDriver: chrome on windows (066111defdc9dafe6977a22a8b72c6cf)] -> xpath: //button[normalize-space()='Withdraw']]
2024-07-02 18:07:417 INFO  AccountPage :85 - verify msg.[[ChromeDriver: chrome on windows (066111defdc9dafe6977a22a8b72c6cf)] -> xpath: //span[@class='error ng-binding']]
